[0.007s] Invoking command in '/home/ppha/robotlab_ws/build/articubot_one': CMAKE_PREFIX_PATH=/opt/ros/humble /usr/bin/cmake /home/ppha/robotlab_ws/src/articubot_one -DCMAKE_INSTALL_PREFIX=/home/ppha/robotlab_ws/install/articubot_one
[0.110s] -- The C compiler identification is GNU 11.4.0
[0.193s] -- The CXX compiler identification is GNU 11.4.0
[0.201s] -- Detecting C compiler ABI info
[0.279s] -- Detecting C compiler ABI info - done
[0.287s] -- Check for working C compiler: /usr/bin/cc - skipped
[0.287s] -- Detecting C compile features
[0.288s] -- Detecting C compile features - done
[0.291s] -- Detecting CXX compiler ABI info
[0.381s] -- Detecting CXX compiler ABI info - done
[0.386s] -- Check for working CXX compiler: /usr/bin/c++ - skipped
[0.386s] -- Detecting CXX compile features
[0.386s] -- Detecting CXX compile features - done
[0.390s] -- Found ament_cmake: 1.3.10 (/opt/ros/humble/share/ament_cmake/cmake)
[0.519s] -- Found Python3: /usr/bin/python3 (found version "3.10.12") found components: Interpreter 
[0.591s] -- Found ament_lint_auto: 0.12.11 (/opt/ros/humble/share/ament_lint_auto/cmake)
[0.662s] -- Added test 'copyright' to check source files copyright and LICENSE
[0.665s] -- Added test 'flake8' to check Python code syntax and style conventions
[0.665s] -- Added test 'lint_cmake' to check CMake code style
[0.666s] -- Added test 'pep257' to check Python code against some of the docstring style conventions in PEP 257
[0.668s] -- Added test 'xmllint' to check XML markup files
[0.669s] -- Configuring done
[0.671s] -- Generating done
[0.672s] -- Build files have been written to: /home/ppha/robotlab_ws/build/articubot_one
[0.676s] Invoked command in '/home/ppha/robotlab_ws/build/articubot_one' returned '0': CMAKE_PREFIX_PATH=/opt/ros/humble /usr/bin/cmake /home/ppha/robotlab_ws/src/articubot_one -DCMAKE_INSTALL_PREFIX=/home/ppha/robotlab_ws/install/articubot_one
[0.678s] Invoking command in '/home/ppha/robotlab_ws/build/articubot_one': CMAKE_PREFIX_PATH=/opt/ros/humble /usr/bin/cmake --build /home/ppha/robotlab_ws/build/articubot_one -- -j16 -l16
[0.719s] Invoked command in '/home/ppha/robotlab_ws/build/articubot_one' returned '0': CMAKE_PREFIX_PATH=/opt/ros/humble /usr/bin/cmake --build /home/ppha/robotlab_ws/build/articubot_one -- -j16 -l16
[0.730s] Invoking command in '/home/ppha/robotlab_ws/build/articubot_one': CMAKE_PREFIX_PATH=/opt/ros/humble /usr/bin/cmake --install /home/ppha/robotlab_ws/build/articubot_one
[0.739s] -- Install configuration: ""
[0.739s] -- Installing: /home/ppha/robotlab_ws/install/articubot_one/share/articubot_one/config
[0.739s] -- Installing: /home/ppha/robotlab_ws/install/articubot_one/share/articubot_one/config/empty.yaml
[0.739s] -- Installing: /home/ppha/robotlab_ws/install/articubot_one/share/articubot_one/description
[0.739s] -- Installing: /home/ppha/robotlab_ws/install/articubot_one/share/articubot_one/description/robot.urdf.xacro
[0.740s] -- Installing: /home/ppha/robotlab_ws/install/articubot_one/share/articubot_one/launch
[0.740s] -- Installing: /home/ppha/robotlab_ws/install/articubot_one/share/articubot_one/launch/rsp.launch.py
[0.740s] -- Installing: /home/ppha/robotlab_ws/install/articubot_one/share/articubot_one/worlds
[0.740s] -- Installing: /home/ppha/robotlab_ws/install/articubot_one/share/articubot_one/worlds/empty.world
[0.740s] -- Installing: /home/ppha/robotlab_ws/install/articubot_one/share/ament_index/resource_index/package_run_dependencies/articubot_one
[0.740s] -- Installing: /home/ppha/robotlab_ws/install/articubot_one/share/ament_index/resource_index/parent_prefix_path/articubot_one
[0.740s] -- Installing: /home/ppha/robotlab_ws/install/articubot_one/share/articubot_one/environment/ament_prefix_path.sh
[0.740s] -- Installing: /home/ppha/robotlab_ws/install/articubot_one/share/articubot_one/environment/ament_prefix_path.dsv
[0.740s] -- Installing: /home/ppha/robotlab_ws/install/articubot_one/share/articubot_one/environment/path.sh
[0.740s] -- Installing: /home/ppha/robotlab_ws/install/articubot_one/share/articubot_one/environment/path.dsv
[0.740s] -- Installing: /home/ppha/robotlab_ws/install/articubot_one/share/articubot_one/local_setup.bash
[0.740s] -- Installing: /home/ppha/robotlab_ws/install/articubot_one/share/articubot_one/local_setup.sh
[0.740s] -- Installing: /home/ppha/robotlab_ws/install/articubot_one/share/articubot_one/local_setup.zsh
[0.740s] -- Installing: /home/ppha/robotlab_ws/install/articubot_one/share/articubot_one/local_setup.dsv
[0.740s] -- Installing: /home/ppha/robotlab_ws/install/articubot_one/share/articubot_one/package.dsv
[0.740s] -- Installing: /home/ppha/robotlab_ws/install/articubot_one/share/ament_index/resource_index/packages/articubot_one
[0.740s] -- Installing: /home/ppha/robotlab_ws/install/articubot_one/share/articubot_one/cmake/articubot_oneConfig.cmake
[0.740s] -- Installing: /home/ppha/robotlab_ws/install/articubot_one/share/articubot_one/cmake/articubot_oneConfig-version.cmake
[0.740s] -- Installing: /home/ppha/robotlab_ws/install/articubot_one/share/articubot_one/package.xml
[0.742s] Invoked command in '/home/ppha/robotlab_ws/build/articubot_one' returned '0': CMAKE_PREFIX_PATH=/opt/ros/humble /usr/bin/cmake --install /home/ppha/robotlab_ws/build/articubot_one
