[0.007s] Invoking command in '/home/ppha/robotlab_ws/build/articubot_one': CMAKE_PREFIX_PATH=${CMAKE_PREFIX_PATH}:/opt/ros/humble /usr/bin/cmake /home/ppha/robotlab_ws/src/articubot_one -DCMAKE_INSTALL_PREFIX=/home/ppha/robotlab_ws/install/articubot_one
[0.018s] -- Found ament_cmake: 1.3.10 (/opt/ros/humble/share/ament_cmake/cmake)
[0.114s] -- Override CMake install command with custom implementation using symlinks instead of copying resources
[0.120s] -- Found ament_lint_auto: 0.12.11 (/opt/ros/humble/share/ament_lint_auto/cmake)
[0.169s] -- Added test 'copyright' to check source files copyright and LICENSE
[0.175s] -- Added test 'flake8' to check Python code syntax and style conventions
[0.176s] -- Added test 'lint_cmake' to check CMake code style
[0.176s] -- Added test 'pep257' to check Python code against some of the docstring style conventions in PEP 257
[0.178s] -- Added test 'xmllint' to check XML markup files
[0.178s] -- Configuring done
[0.180s] -- Generating done
[0.181s] -- Build files have been written to: /home/ppha/robotlab_ws/build/articubot_one
[0.184s] Invoked command in '/home/ppha/robotlab_ws/build/articubot_one' returned '0': CMAKE_PREFIX_PATH=${CMAKE_PREFIX_PATH}:/opt/ros/humble /usr/bin/cmake /home/ppha/robotlab_ws/src/articubot_one -DCMAKE_INSTALL_PREFIX=/home/ppha/robotlab_ws/install/articubot_one
[0.185s] Invoking command in '/home/ppha/robotlab_ws/build/articubot_one': CMAKE_PREFIX_PATH=${CMAKE_PREFIX_PATH}:/opt/ros/humble /usr/bin/cmake --build /home/ppha/robotlab_ws/build/articubot_one -- -j16 -l16
[0.221s] Invoked command in '/home/ppha/robotlab_ws/build/articubot_one' returned '0': CMAKE_PREFIX_PATH=${CMAKE_PREFIX_PATH}:/opt/ros/humble /usr/bin/cmake --build /home/ppha/robotlab_ws/build/articubot_one -- -j16 -l16
[0.233s] Invoking command in '/home/ppha/robotlab_ws/build/articubot_one': CMAKE_PREFIX_PATH=${CMAKE_PREFIX_PATH}:/opt/ros/humble /usr/bin/cmake --install /home/ppha/robotlab_ws/build/articubot_one
[0.242s] -- Install configuration: ""
[0.242s] -- Execute custom install script
[0.243s] -- Up-to-date symlink: /home/ppha/robotlab_ws/install/articubot_one/share/articubot_one/config/empty.yaml
[0.243s] -- Up-to-date symlink: /home/ppha/robotlab_ws/install/articubot_one/share/articubot_one/description/robot.urdf.xacro
[0.243s] -- Up-to-date symlink: /home/ppha/robotlab_ws/install/articubot_one/share/articubot_one/description/robot_core.xacro
[0.243s] -- Up-to-date symlink: /home/ppha/robotlab_ws/install/articubot_one/share/articubot_one/launch/rsp.launch.py
[0.244s] -- Up-to-date symlink: /home/ppha/robotlab_ws/install/articubot_one/share/articubot_one/worlds/empty.world
[0.244s] -- Up-to-date symlink: /home/ppha/robotlab_ws/install/articubot_one/share/ament_index/resource_index/package_run_dependencies/articubot_one
[0.244s] -- Up-to-date symlink: /home/ppha/robotlab_ws/install/articubot_one/share/ament_index/resource_index/parent_prefix_path/articubot_one
[0.244s] -- Up-to-date symlink: /home/ppha/robotlab_ws/install/articubot_one/share/articubot_one/environment/ament_prefix_path.sh
[0.245s] -- Up-to-date symlink: /home/ppha/robotlab_ws/install/articubot_one/share/articubot_one/environment/ament_prefix_path.dsv
[0.245s] -- Up-to-date symlink: /home/ppha/robotlab_ws/install/articubot_one/share/articubot_one/environment/path.sh
[0.245s] -- Up-to-date symlink: /home/ppha/robotlab_ws/install/articubot_one/share/articubot_one/environment/path.dsv
[0.245s] -- Up-to-date symlink: /home/ppha/robotlab_ws/install/articubot_one/share/articubot_one/local_setup.bash
[0.245s] -- Up-to-date symlink: /home/ppha/robotlab_ws/install/articubot_one/share/articubot_one/local_setup.sh
[0.245s] -- Up-to-date symlink: /home/ppha/robotlab_ws/install/articubot_one/share/articubot_one/local_setup.zsh
[0.245s] -- Up-to-date symlink: /home/ppha/robotlab_ws/install/articubot_one/share/articubot_one/local_setup.dsv
[0.245s] -- Symlinking: /home/ppha/robotlab_ws/install/articubot_one/share/articubot_one/package.dsv
[0.254s] -- Up-to-date symlink: /home/ppha/robotlab_ws/install/articubot_one/share/ament_index/resource_index/packages/articubot_one
[0.254s] -- Up-to-date symlink: /home/ppha/robotlab_ws/install/articubot_one/share/articubot_one/cmake/articubot_oneConfig.cmake
[0.254s] -- Up-to-date symlink: /home/ppha/robotlab_ws/install/articubot_one/share/articubot_one/cmake/articubot_oneConfig-version.cmake
[0.254s] -- Up-to-date symlink: /home/ppha/robotlab_ws/install/articubot_one/share/articubot_one/package.xml
[0.256s] Invoked command in '/home/ppha/robotlab_ws/build/articubot_one' returned '0': CMAKE_PREFIX_PATH=${CMAKE_PREFIX_PATH}:/opt/ros/humble /usr/bin/cmake --install /home/ppha/robotlab_ws/build/articubot_one
