[0.008s] Invoking command in '/home/ppha/robotlab_ws/build/articubot_one': CMAKE_PREFIX_PATH=${CMAKE_PREFIX_PATH}:/opt/ros/humble /usr/bin/cmake --build /home/ppha/robotlab_ws/build/articubot_one -- -j16 -l16
[0.047s] Invoked command in '/home/ppha/robotlab_ws/build/articubot_one' returned '0': CMAKE_PREFIX_PATH=${CMAKE_PREFIX_PATH}:/opt/ros/humble /usr/bin/cmake --build /home/ppha/robotlab_ws/build/articubot_one -- -j16 -l16
[0.058s] Invoking command in '/home/ppha/robotlab_ws/build/articubot_one': CMAKE_PREFIX_PATH=${CMAKE_PREFIX_PATH}:/opt/ros/humble /usr/bin/cmake --install /home/ppha/robotlab_ws/build/articubot_one
[0.066s] -- Install configuration: ""
[0.066s] -- Execute custom install script
[0.066s] -- Up-to-date symlink: /home/ppha/robotlab_ws/install/articubot_one/share/articubot_one/config/empty.yaml
[0.066s] -- Up-to-date symlink: /home/ppha/robotlab_ws/install/articubot_one/share/articubot_one/config/test.rviz
[0.066s] -- Up-to-date symlink: /home/ppha/robotlab_ws/install/articubot_one/share/articubot_one/description/caster_robot_core.xacro
[0.066s] -- Up-to-date symlink: /home/ppha/robotlab_ws/install/articubot_one/share/articubot_one/description/gazebo_control.xacro
[0.067s] -- Up-to-date symlink: /home/ppha/robotlab_ws/install/articubot_one/share/articubot_one/description/inertial_macros.xacro
[0.067s] -- Up-to-date symlink: /home/ppha/robotlab_ws/install/articubot_one/share/articubot_one/description/robot.urdf.xacro
[0.067s] -- Up-to-date symlink: /home/ppha/robotlab_ws/install/articubot_one/share/articubot_one/description/robot_core.xacro
[0.067s] -- Up-to-date symlink: /home/ppha/robotlab_ws/install/articubot_one/share/articubot_one/launch/launch_sim.launch.py
[0.067s] -- Up-to-date symlink: /home/ppha/robotlab_ws/install/articubot_one/share/articubot_one/launch/rsp.launch.py
[0.067s] -- Up-to-date symlink: /home/ppha/robotlab_ws/install/articubot_one/share/articubot_one/worlds/empty.world
[0.067s] -- Up-to-date symlink: /home/ppha/robotlab_ws/install/articubot_one/share/ament_index/resource_index/package_run_dependencies/articubot_one
[0.067s] -- Up-to-date symlink: /home/ppha/robotlab_ws/install/articubot_one/share/ament_index/resource_index/parent_prefix_path/articubot_one
[0.067s] -- Up-to-date symlink: /home/ppha/robotlab_ws/install/articubot_one/share/articubot_one/environment/ament_prefix_path.sh
[0.067s] -- Up-to-date symlink: /home/ppha/robotlab_ws/install/articubot_one/share/articubot_one/environment/ament_prefix_path.dsv
[0.067s] -- Up-to-date symlink: /home/ppha/robotlab_ws/install/articubot_one/share/articubot_one/environment/path.sh
[0.067s] -- Up-to-date symlink: /home/ppha/robotlab_ws/install/articubot_one/share/articubot_one/environment/path.dsv
[0.067s] -- Up-to-date symlink: /home/ppha/robotlab_ws/install/articubot_one/share/articubot_one/local_setup.bash
[0.067s] -- Up-to-date symlink: /home/ppha/robotlab_ws/install/articubot_one/share/articubot_one/local_setup.sh
[0.068s] -- Up-to-date symlink: /home/ppha/robotlab_ws/install/articubot_one/share/articubot_one/local_setup.zsh
[0.068s] -- Up-to-date symlink: /home/ppha/robotlab_ws/install/articubot_one/share/articubot_one/local_setup.dsv
[0.068s] -- Symlinking: /home/ppha/robotlab_ws/install/articubot_one/share/articubot_one/package.dsv
[0.075s] -- Up-to-date symlink: /home/ppha/robotlab_ws/install/articubot_one/share/ament_index/resource_index/packages/articubot_one
[0.075s] -- Up-to-date symlink: /home/ppha/robotlab_ws/install/articubot_one/share/articubot_one/cmake/articubot_oneConfig.cmake
[0.075s] -- Up-to-date symlink: /home/ppha/robotlab_ws/install/articubot_one/share/articubot_one/cmake/articubot_oneConfig-version.cmake
[0.075s] -- Up-to-date symlink: /home/ppha/robotlab_ws/install/articubot_one/share/articubot_one/package.xml
[0.077s] Invoked command in '/home/ppha/robotlab_ws/build/articubot_one' returned '0': CMAKE_PREFIX_PATH=${CMAKE_PREFIX_PATH}:/opt/ros/humble /usr/bin/cmake --install /home/ppha/robotlab_ws/build/articubot_one
